commit db9442b770d3cec33c89dffd6515870998f4de90
Author: Chenxu Liu <cxchenxu.liu@mail.utoronto.ca>
Date:   Fri Feb 5 12:48:06 2021 -0700

    Made modification so that it can read the csv files in data folder

commit 6005a3bf2ae9b589172cbec36cd15d4532ffc78f
Author: Chenxu Liu <cxchenxu.liu@mail.utoronto.ca>
Date:   Fri Feb 5 12:47:21 2021 -0700

    Made some modifications on output format

commit 60b501101f3784c17fdc14032c6a6605a18722f7
Author: Chenxu Liu <cxchenxu.liu@mail.utoronto.ca>
Date:   Thu Feb 4 17:48:33 2021 -0700

    Made some changes to indentation

commit 9d2d31af33473175716d881965089831879d37d5
Author: Chenxu Liu <cxchenxu.liu@mail.utoronto.ca>
Date:   Thu Feb 4 13:44:34 2021 -0700

    Finished shell script

commit ad19e9c0b5da2e97de4ccff719fd26d531bb7235
Author: Chenxu Liu <cxchenxu.liu@mail.utoronto.ca>
Date:   Thu Feb 4 13:31:38 2021 -0700

    Created .sh file to run previous R script

commit e87ee53cdb6c10e30ef54c35284013c6dd9dba0f
Author: Chenxu Liu <cxchenxu.liu@mail.utoronto.ca>
Date:   Thu Feb 4 13:25:56 2021 -0700

    Added some comments

commit 2dda5ea55f6871f325bd985a93c11b61e4131ad1
Author: Chenxu Liu <cxchenxu.liu@mail.utoronto.ca>
Date:   Thu Feb 4 13:20:43 2021 -0700

    Finished part e

commit 8f05541cdb74ec260fdb308c80fa1b6626413cf4
Author: Chenxu Liu <cxchenxu.liu@mail.utoronto.ca>
Date:   Thu Feb 4 12:45:44 2021 -0700

    Finished part d

commit a1bf965b65c36d7270e3e6ac0a2fad75103fc035
Author: Chenxu Liu <cxchenxu.liu@mail.utoronto.ca>
Date:   Thu Feb 4 12:12:43 2021 -0700

    Finished part c

commit 4057b2695964176798dc9976e42ec8c6c774b07b
Author: Chenxu Liu <cxchenxu.liu@mail.utoronto.ca>
Date:   Thu Feb 4 11:50:30 2021 -0700

    Fixed error in last update

commit ee6f385be4170a078035e64b955ce1fce0ed75ec
Author: Chenxu Liu <cxchenxu.liu@mail.utoronto.ca>
Date:   Thu Feb 4 11:36:04 2021 -0700

    Finished part a and b

commit 807fe1f192bdc25bda204db6482cb9e4ee80f154
Author: Chenxu Liu <cxchenxu.liu@mail.utoronto.ca>
Date:   Thu Feb 4 11:27:04 2021 -0700

    Create file with comment
